<?xml version="1.0" encoding="UTF-8"?>
<testng-results skipped="0" failed="0" total="1" passed="1">
  <reporter-output>
  </reporter-output>
  <suite name="Default suite" duration-ms="8779" started-at="2018-04-19T04:26:16Z" finished-at="2018-04-19T04:26:25Z">
    <groups>
    </groups>
    <test name="Default test" duration-ms="8779" started-at="2018-04-19T04:26:16Z" finished-at="2018-04-19T04:26:25Z">
      <class name="DemoWithJenkins">
        <test-method status="PASS" signature="setUp()[pri:0, instance:DemoWithJenkins@2f7c2f4f]" name="setUp" is-config="true" duration-ms="8706" started-at="2018-04-18T21:26:16Z" finished-at="2018-04-18T21:26:25Z">
          <reporter-output>
          </reporter-output>
        </test-method> <!-- setUp -->
        <test-method status="PASS" signature="demo()[pri:0, instance:DemoWithJenkins@2f7c2f4f]" name="demo" duration-ms="33" started-at="2018-04-18T21:26:25Z" finished-at="2018-04-18T21:26:25Z">
          <reporter-output>
          </reporter-output>
        </test-method> <!-- demo -->
        <test-method status="PASS" signature="tearDown()[pri:0, instance:DemoWithJenkins@2f7c2f4f]" name="tearDown" is-config="true" duration-ms="22" started-at="2018-04-18T21:26:25Z" finished-at="2018-04-18T21:26:25Z">
          <reporter-output>
          </reporter-output>
        </test-method> <!-- tearDown -->
      </class> <!-- DemoWithJenkins -->
    </test> <!-- Default test -->
  </suite> <!-- Default suite -->
</testng-results>
