<?xml version="1.0" encoding="UTF-8"?>
<testng-results skipped="0" failed="0" total="1" passed="1">
  <reporter-output>
  </reporter-output>
  <suite name="Default suite" duration-ms="24863" started-at="2018-04-19T04:49:15Z" finished-at="2018-04-19T04:49:40Z">
    <groups>
    </groups>
    <test name="Default test" duration-ms="24863" started-at="2018-04-19T04:49:15Z" finished-at="2018-04-19T04:49:40Z">
      <class name="DemoWithJenkins">
        <test-method status="PASS" signature="setUp()[pri:0, instance:DemoWithJenkins@39aeed2f]" name="setUp" is-config="true" duration-ms="24550" started-at="2018-04-18T21:49:15Z" finished-at="2018-04-18T21:49:39Z">
          <reporter-output>
          </reporter-output>
        </test-method> <!-- setUp -->
        <test-method status="PASS" signature="demo()[pri:0, instance:DemoWithJenkins@39aeed2f]" name="demo" duration-ms="114" started-at="2018-04-18T21:49:39Z" finished-at="2018-04-18T21:49:39Z">
          <reporter-output>
          </reporter-output>
        </test-method> <!-- demo -->
        <test-method status="PASS" signature="tearDown()[pri:0, instance:DemoWithJenkins@39aeed2f]" name="tearDown" is-config="true" duration-ms="168" started-at="2018-04-18T21:49:39Z" finished-at="2018-04-18T21:49:40Z">
          <reporter-output>
          </reporter-output>
        </test-method> <!-- tearDown -->
      </class> <!-- DemoWithJenkins -->
    </test> <!-- Default test -->
  </suite> <!-- Default suite -->
</testng-results>
